<?xml version="1.0" encoding="utf-8"?><testsuites name="pytest tests"><testsuite name="pytest" errors="0" failures="0" skipped="0" tests="22" time="8.293" timestamp="2026-06-24T04:15:43.414406+00:00" hostname="agent-env-a69c01bc-09db-492a-96ad-8338294733fa"><testcase classname="tests.backend_test.TestAuth" name="test_register_user" time="1.765" /><testcase classname="tests.backend_test.TestAuth" name="test_register_duplicate" time="0.632" /><testcase classname="tests.backend_test.TestAuth" name="test_login_invalid" time="0.132" /><testcase classname="tests.backend_test.TestAuth" name="test_admin_login" time="0.469" /><testcase classname="tests.backend_test.TestAuth" name="test_logout" time="0.504" /><testcase classname="tests.backend_test.TestAnimePublic" name="test_anime_list" time="0.189" /><testcase classname="tests.backend_test.TestAnimePublic" name="test_trending" time="0.134" /><testcase classname="tests.backend_test.TestAnimePublic" name="test_latest" time="0.158" /><testcase classname="tests.backend_test.TestAnimePublic" name="test_get_anime_detail" time="0.158" /><testcase classname="tests.backend_test.TestAnimePublic" name="test_search_anime" time="0.125" /><testcase classname="tests.backend_test.TestAnimePublic" name="test_get_episodes" time="0.358" /><testcase classname="tests.backend_test.TestUserActions" name="test_watchlist_add_get_remove" time="0.212" /><testcase classname="tests.backend_test.TestUserActions" name="test_favorites_add_get_remove" time="0.205" /><testcase classname="tests.backend_test.TestUserActions" name="test_post_comment" time="0.079" /><testcase classname="tests.backend_test.TestUserActions" name="test_get_comments" time="0.147" /><testcase classname="tests.backend_test.TestAdmin" name="test_analytics" time="0.061" /><testcase classname="tests.backend_test.TestAdmin" name="test_users_list" time="0.055" /><testcase classname="tests.backend_test.TestAdmin" name="test_create_and_delete_anime" time="0.323" /><testcase classname="tests.backend_test.TestAdmin" name="test_ban_and_unban_user" time="0.704" /><testcase classname="tests.backend_test.TestAdmin" name="test_create_admin_super_only" time="0.338" /><testcase classname="tests.backend_test.TestPayments" name="test_checkout_session_monthly" time="0.761" /><testcase classname="tests.backend_test.TestPayments" name="test_checkout_invalid_package" time="0.055" /></testsuite></testsuites>